build/app/outputs/mapping/release/seeds.txt
com.example.formapp.MainActivity: MainActivity()
com.example.formapp.MainActivity
...
io.flutter.embedding.android.FlutterView$ZeroSides: io.flutter.embedding.android.FlutterView$ZeroSides[] values()
androidx.activity.ComponentActivity$2
io.flutter.plugin.platform.SingleViewPresentation: android.widget.FrameLayout container
io.flutter.plugin.platform.SingleViewPresentation: android.content.Context outerContext
io.flutter.embedding.android.FlutterSplashView$SavedState: android.os.Bundle splashScreenState
io.flutter.embedding.engine.FlutterJNI: void unregisterTexture(long)
io.flutter.embedding.android.FlutterImageView: io.flutter.embedding.engine.renderer.FlutterRenderer getAttachedRenderer()
io.flutter.embedding.engine.systemchannels.PlatformChannel$SoundType: io.flutter.embedding.engine.systemchannels.PlatformChannel$SoundType valueOf(java.lang.String)
io.flutter.embedding.engine.FlutterJNI: void init(android.content.Context,java.lang.String[],java.lang.String,java.lang.String,java.lang.String,long)
io.flutter.view.AccessibilityBridge$TextDirection: io.flutter.view.AccessibilityBridge$TextDirection valueOf(java.lang.String)
com.google.common.util.concurrent.AbstractFuture$Waiter: java.lang.Thread thread
io.flutter.embedding.engine.FlutterJNI: void nativeOnVsync(long,long,long)
io.flutter.embedding.engine.FlutterJNI: void onEndFrame()
io.flutter.embedding.engine.FlutterJNI: void setRefreshRateFPS(float)
io.flutter.embedding.engine.FlutterJNI: void setPlatformViewsController(io.flutter.plugin.platform.PlatformViewsController)
androidx.activity.ImmLeaksCleaner
io.flutter.embedding.engine.FlutterJNI: void onSurfaceChanged(int,int)
io.flutter.plugin.editing.ImeSyncDeferringInsetsCallback: android.view.WindowInsets access$400(io.flutter.plugin.editing.ImeSyncDeferringInsetsCallback)
io.flutter.embedding.engine.FlutterJNI: long nativeAttach(io.flutter.embedding.engine.FlutterJNI,boolean)
android.support.v4.app.RemoteActionCompatParcelizer
androidx.test.annotation.Beta
io.flutter.embedding.engine.renderer.SurfaceTextureWrapper: android.graphics.SurfaceTexture surfaceTexture
androidx.core.graphics.drawable.IconCompat: IconCompat()
io.flutter.embedding.engine.FlutterJNI: void onRenderingStopped()
androidx.lifecycle.ReflectiveGenericLifecycleObserver
org.xmlpull.v1.XmlPullParser: int CDSECT
io.flutter.embedding.engine.FlutterJNI: void nativeSetViewportMetrics(long,float,int,int,int,int,int,int,int,int,int,int,int,int,int,int)
io.flutter.embedding.engine.FlutterOverlaySurface: android.view.Surface surface
io.flutter.plugin.platform.SingleViewPresentation: io.flutter.plugin.platform.SingleViewPresentation$AccessibilityDelegatingFrameLayout rootView
org.xmlpull.v1.XmlPullParser: void setInput(java.io.Reader)
io.flutter.embedding.engine.systemchannels.PlatformChannel$DeviceOrientation: io.flutter.embedding.engine.systemchannels.PlatformChannel$DeviceOrientation valueOf(java.lang.String)
io.flutter.plugin.editing.ImeSyncDeferringInsetsCallback: android.view.View access$602(io.flutter.plugin.editing.ImeSyncDeferringInsetsCallback,android.view.View)
androidx.lifecycle.SingleGeneratedAdapterObserver
io.flutter.embedding.engine.systemchannels.SettingsChannel$PlatformBrightness: io.flutter.embedding.engine.systemchannels.SettingsChannel$PlatformBrightness valueOf(java.lang.String)
io.flutter.embedding.engine.mutatorsstack.FlutterMutatorsStack
io.flutter.embedding.engine.renderer.SurfaceTextureWrapper: void detachFromGLContext()
io.flutter.embedding.android.FlutterSplashView$SavedState: java.lang.String access$602(io.flutter.embedding.android.FlutterSplashView$SavedState,java.lang.String)
io.flutter.embedding.android.FlutterImageView: android.view.Surface getSurface()
io.flutter.plugin.platform.SingleViewPresentation: int viewId
io.flutter.plugin.platform.SingleViewPresentation: boolean startFocused
io.flutter.view.AccessibilityViewEmbedder: AccessibilityViewEmbedder(android.view.View,int)
io.flutter.embedding.engine.FlutterJNI: float refreshRateFPS
org.xmlpull.v1.XmlPullParser: int nextToken()