build/app/outputs/mapping/release/mapping.txt
# compiler: R8
# compiler_version: 2.1.62
# min_api: 16
# pg_map_id: fcfec46
# common_typos_disable
...
io.flutter.embedding.android.SplashScreen$-CC -> io.flutter.embedding.android.n:
    boolean io.flutter.embedding.android.SplashScreen.doesSplashViewRememberItsTransition() -> a
    android.os.Bundle io.flutter.embedding.android.SplashScreen.saveSplashScreenState() -> b
io.flutter.embedding.android.TransparencyMode -> io.flutter.embedding.android.p:
    io.flutter.embedding.android.TransparencyMode[] $VALUES -> c
    io.flutter.embedding.android.TransparencyMode transparent -> b
    io.flutter.embedding.android.TransparencyMode opaque -> a
io.flutter.embedding.engine.FlutterEngine -> io.flutter.embedding.engine.a:
    io.flutter.embedding.engine.systemchannels.RestorationChannel restorationChannel -> l
    io.flutter.embedding.engine.dart.DartExecutor dartExecutor -> c
    io.flutter.embedding.engine.systemchannels.LifecycleChannel lifecycleChannel -> h
    io.flutter.embedding.engine.systemchannels.LocalizationChannel localizationChannel -> i
    io.flutter.embedding.engine.systemchannels.AccessibilityChannel accessibilityChannel -> f
    io.flutter.embedding.engine.systemchannels.KeyEventChannel keyEventChannel -> g
    io.flutter.embedding.engine.FlutterEngine$EngineLifecycleListener engineLifecycleListener -> s
    io.flutter.embedding.engine.FlutterEngineConnectionRegistry pluginRegistry -> d
    io.flutter.embedding.engine.systemchannels.TextInputChannel textInputChannel -> p
    io.flutter.embedding.engine.FlutterJNI flutterJNI -> a
    io.flutter.embedding.engine.systemchannels.MouseCursorChannel mouseCursorChannel -> j
    io.flutter.embedding.engine.systemchannels.NavigationChannel navigationChannel -> k
    io.flutter.embedding.engine.systemchannels.SettingsChannel settingsChannel -> n
    io.flutter.plugin.localization.LocalizationPlugin localizationPlugin -> e
    io.flutter.embedding.engine.renderer.FlutterRenderer renderer -> b
    io.flutter.embedding.engine.systemchannels.SystemChannel systemChannel -> o
    io.flutter.embedding.engine.systemchannels.PlatformChannel platformChannel -> m
io.flutter.embedding.engine.FlutterEngine$1 -> io.flutter.embedding.engine.a$a:
    io.flutter.embedding.engine.FlutterEngine this$0 -> a
    void onPreEngineRestart() -> a
io.flutter.embedding.engine.FlutterEngine$EngineLifecycleListener -> io.flutter.embedding.engine.a$b:
    void onPreEngineRestart() -> a
io.flutter.embedding.engine.FlutterEngineCache -> io.flutter.embedding.engine.b:
    java.util.Map cachedEngines -> a
    io.flutter.embedding.engine.FlutterEngineCache instance -> b
    io.flutter.embedding.engine.FlutterEngine get(java.lang.String) -> a
    io.flutter.embedding.engine.FlutterEngineCache getInstance() -> b
    void put(java.lang.String,io.flutter.embedding.engine.FlutterEngine) -> c
    void remove(java.lang.String) -> d