build/app/outputs/mapping/release/usage.txt
com.example.formapp.R$mipmap
com.example.formapp.R$dimen
com.example.formapp.R$style
com.example.formapp.R$attr
com.example.formapp.BuildConfig
com.example.formapp.R$id
com.example.formapp.R$drawable
com.example.formapp.R$styleable
com.example.formapp.R$layout
com.example.formapp.R$integer
com.example.formapp.R$color
com.example.formapp.R$string
com.example.formapp.R
...
kotlin.sequences.SequencesKt___SequencesKt$onEach$1
androidx.test.espresso.base.BaseLayerModule_ProvideDynamicNotiferFactory
androidx.test.espresso.core.internal.deps.guava.cache.LocalCache$StrongWriteEntry
kotlin.collections.Grouping
androidx.test.espresso.ViewAction
org.junit.rules.TestName
androidx.test.espresso.base.UiControllerImpl$6
org.junit.runner.notification.RunListener
com.google.common.graph.ImmutableValueGraph
androidx.test.internal.runner.ClassPathScanner
androidx.customview.view.AbsSavedState$2
com.google.common.cache.LocalCache$LocalLoadingCache
kotlin.text.CharDirectionality
androidx.test.espresso.base.ThreadPoolExecutorExtractor
io.flutter.embedding.android.FlutterFragment$CachedEngineFragmentBuilder
org.junit.rules.Stopwatch$Clock
androidx.test.runner.permission.PermissionRequester
com.google.common.util.concurrent.Striped$5
androidx.savedstate.R
androidx.test.internal.runner.junit4.statement.RunAfters$1
com.google.common.collect.MapMakerInternalMap$StrongKeyDummyValueEntry
androidx.annotation.GuardedBy
org.junit.runners.model.Annotatable
kotlin.ranges.ULongProgressionIterator
kotlin.jvm.KotlinReflectionNotSupportedError
androidx.fragment.app.FragmentState$1
androidx.core.R$integer
org.hamcrest.xml.HasXPath
kotlin.jvm.JvmSuppressWildcards
kotlin.collections.ArraysKt___ArraysKt$asIterable$$inlined$Iterable$6
com.google.common.collect.ImmutableEnumMap$EnumSerializedForm
kotlin.coroutines.experimental.ContinuationInterceptor$Key
com.google.common.collect.Synchronized$SynchronizedSortedSetMultimap
com.google.common.primitives.UnsignedBytes$LexicographicalComparatorHolder$UnsafeComparator$1
com.google.common.util.concurrent.ForwardingBlockingQueue
com.google.common.collect.ArrayTable$Column
com.google.common.cache.LocalCache$KeyIterator
androidx.test.internal.runner.junit3.AndroidTestSuite
kotlin.sequences.SequencesKt___SequencesKt
androidx.test.internal.runner.RunnerArgs$TestArg
com.google.common.collect.HashBiMap$Inverse
androidx.test.espresso.action.AdapterViewProtocol
com.google.common.collect.ImmutableRangeSet$1
androidx.test.espresso.matcher.ViewMatchers$WithTagKeyMatcher
kotlin.sequences.SequencesKt___SequencesKt$groupingBy$1
com.google.common.collect.Iterables$9
io.flutter.embedding.engine.plugins.service.ServiceControlSurface
kotlin.text.MatchNamedGroupCollection
com.google.common.collect.TopKSelector
androidx.test.espresso.assertion.LayoutAssertions$NoOverlapsViewAssertion$1
androidx.arch.core.executor.ArchTaskExecutor$2
androidx.test.espresso.core.internal.deps.guava.util.concurrent.AbstractFuture$SetFuture
com.google.common.util.concurrent.CollectionFuture$CollectionFutureRunningState
io.flutter.embedding.engine.loader.FlutterLoader$Settings:
    public void setLogTag(java.lang.String)
io.flutter.plugins.sharedpreferences.BuildConfig
androidx.core.util.Pools$SynchronizedPool
kotlin.jvm.functions.Function15
androidx.test.espresso.core.internal.deps.guava.cache.LongAddable
com.google.common.collect.StandardTable$Column$EntrySetIterator
androidx.test.espresso.core.internal.deps.guava.cache.RemovalCause$5
com.google.common.util.concurrent.AggregateFutureState$SafeAtomicHelper
com.google.common.escape.UnicodeEscaper
androidx.core.app.ShareCompat
androidx.core.content.SharedPreferencesCompat$EditorCompat
com.google.common.collect.ForwardingNavigableMap
androidx.test.espresso.util.TreeIterables$TraversalStrategy$1
androidx.test.espresso.core.internal.deps.guava.cache.LocalCache$SoftValueReference
androidx.test.espresso.PerformException$1
com.google.common.io.FileWriteMode
kotlin.collections.ArraysKt___ArraysKt$asSequence$$inlined$Sequence$9
org.intellij.lang.annotations.Pattern
androidx.customview.widget.ViewDragHelper$1
androidx.lifecycle.MethodCallsLogger:
    public boolean approveCall(java.lang.String,int)
junit.framework.TestSuite$1
com.google.common.graph.AbstractValueGraph$2
androidx.core.app.ActivityRecreator$LifecycleCheckCallbacks
androidx.fragment.app.FragmentManagerImpl$6